
================================================================================
Grammar Tests:
  Deletable symbols:        -- none --
  Undefined nonterminals:   -- none --
  Unreachable nonterminals: -- none --
  Circular derivations:     -- none --
  Underivable nonterminals: -- none --
  LL(1) conditions:         --  ok  --

================================================================================
Time Compiled: 17. kesäkuuta 2008 @ 13:50:47

Statistics:
  number of terminals:        28 (limit   513)
  number of non-terminals:     4 (limit   485)
  number of pragmas:           0 (limit   485)
  number of symbolnodes:      32 (limit   513)
  number of graphnodes:       71 (limit  3001)
  number of conditionsets:     1 (limit   101)
  number of charactersets:    17 (limit   501)

================================================================================
Options:
  Generate console app
  Generate version information
  Generate comment events


