15.2.2025 19.40.23: Check field = ssl: "( (global_var(GVAR_ARDIN_FREEDOM) == 0) and (local_var(LVAR_Sulik_Freed) == 0) )"
15.2.2025 19.40.23: Check field = ssl: "(local_var(LVAR_quest_smiley) == 0) and (global_var(GVAR_CAN_ASK_ARDIN_ABOUT_SMILEY) == 1)"
15.2.2025 19.40.23: Check field = ssl: "(local_var(LVAR_quest_smiley) == 0) and (global_var(GVAR_CAN_ASK_ARDIN_ABOUT_SMILEY) == 1)"
15.2.2025 19.40.23: Check field = ssl: "party_member_count(DONT_LIST_HIDDEN_MEMBERS) < 2"
15.2.2025 19.40.23: Check field = ssl: "party_member_count(DONT_LIST_HIDDEN_MEMBERS) < 2"
15.2.2025 19.40.23: Check field = ssl: "party_member_count(DONT_LIST_HIDDEN_MEMBERS) < 2"
15.2.2025 19.40.23: Check field = ssl: "party_member_count(DONT_LIST_HIDDEN_MEMBERS) < 2"
15.2.2025 19.40.23: Check field = ssl: "( (global_var(GVAR_SULIK_FREE) == 0) and (global_var(GVAR_ARDIN_FREEDOM) == 0) )"
15.2.2025 19.40.23: Check field = ssl: "( (global_var(GVAR_RUSTLE_REFUSE) == 1) or (global_var(GVAR_RUSTLE_ACCEPT)) )"
15.2.2025 19.40.23: Check field = ssl: "( (global_var(GVAR_RUSTLE_REFUSE) == 1) or (global_var(GVAR_RUSTLE_ACCEPT)) )"
15.2.2025 19.40.23: Check field = ssl: "(local_var(LVAR_quest_torr) == 1)"
15.2.2025 19.40.23: Check field = ssl: "local_var(LVAR_quest_torr) == 1"
15.2.2025 19.40.23: Check field = ssl: "local_var(LVAR_quest_torr) == 1"
15.2.2025 19.40.23: Check field = ssl: "local_var(LVAR_quest_torr) == 1"
15.2.2025 19.40.23: Check field = ssl: "global_var(GVAR_TORR_DEAD) == 1"
15.2.2025 19.40.23: Check field = ssl: "global_var(GVAR_SMILEY_STATUS) == SMILEY_DEAD"
15.2.2025 19.40.23: Check field = ssl: "(global_var(GVAR_TORR_DEAD) == 1) and (global_var(GVAR_SMILEY_STATUS) == SMILEY_DEAD)"
15.2.2025 19.40.23: Check field = ssl: "(global_var(GVAR_TORR_DEAD) == 1) and (global_var(GVAR_SMILEY_STATUS) == SMILEY_DEAD)"
15.2.2025 20.00.45: Check field = ssl: "( (global_var(GVAR_ARDIN_FREEDOM) == 0) and (local_var(LVAR_Sulik_Freed) == 0) )"
15.2.2025 20.00.45: Check field = ssl: "(local_var(LVAR_quest_smiley) == 0) and (global_var(GVAR_CAN_ASK_ARDIN_ABOUT_SMILEY) == 1)"
15.2.2025 20.00.45: Check field = ssl: "(local_var(LVAR_quest_smiley) == 0) and (global_var(GVAR_CAN_ASK_ARDIN_ABOUT_SMILEY) == 1)"
15.2.2025 20.00.45: Check field = ssl: "party_member_count(DONT_LIST_HIDDEN_MEMBERS) < 2"
15.2.2025 20.00.45: Check field = ssl: "party_member_count(DONT_LIST_HIDDEN_MEMBERS) < 2"
15.2.2025 20.00.45: Check field = ssl: "party_member_count(DONT_LIST_HIDDEN_MEMBERS) < 2"
15.2.2025 20.00.45: Check field = ssl: "party_member_count(DONT_LIST_HIDDEN_MEMBERS) < 2"
15.2.2025 20.00.45: Check field = ssl: "( (global_var(GVAR_SULIK_FREE) == 0) and (global_var(GVAR_ARDIN_FREEDOM) == 0) )"
15.2.2025 20.00.45: Check field = ssl: "( (global_var(GVAR_RUSTLE_REFUSE) == 1) or (global_var(GVAR_RUSTLE_ACCEPT)) )"
15.2.2025 20.00.45: Check field = ssl: "( (global_var(GVAR_RUSTLE_REFUSE) == 1) or (global_var(GVAR_RUSTLE_ACCEPT)) )"
15.2.2025 20.00.45: Check field = ssl: "(local_var(LVAR_quest_torr) == 1)"
15.2.2025 20.00.45: Check field = ssl: "local_var(LVAR_quest_torr) == 1"
15.2.2025 20.00.45: Check field = ssl: "local_var(LVAR_quest_torr) == 1"
15.2.2025 20.00.45: Check field = ssl: "local_var(LVAR_quest_torr) == 1"
15.2.2025 20.00.45: Check field = ssl: "global_var(GVAR_TORR_DEAD) == 1"
15.2.2025 20.00.45: Check field = ssl: "global_var(GVAR_SMILEY_STATUS) == SMILEY_DEAD"
15.2.2025 20.00.45: Check field = ssl: "(global_var(GVAR_TORR_DEAD) == 1) and (global_var(GVAR_SMILEY_STATUS) == SMILEY_DEAD)"
15.2.2025 20.00.45: Check field = ssl: "(global_var(GVAR_TORR_DEAD) == 1) and (global_var(GVAR_SMILEY_STATUS) == SMILEY_DEAD)"
15.2.2025 20.40.04: Check field = ssl: "( (global_var(GVAR_ARDIN_FREEDOM) == 0) and (local_var(LVAR_Sulik_Freed) == 0) )"
15.2.2025 20.40.04: Check field = ssl: "(local_var(LVAR_quest_smiley) == 0) and (global_var(GVAR_CAN_ASK_ARDIN_ABOUT_SMILEY) == 1)"
15.2.2025 20.40.04: Check field = ssl: "(local_var(LVAR_quest_smiley) == 0) and (global_var(GVAR_CAN_ASK_ARDIN_ABOUT_SMILEY) == 1)"
15.2.2025 20.40.04: Check field = ssl: "party_member_count(DONT_LIST_HIDDEN_MEMBERS) < 2"
15.2.2025 20.40.04: Check field = ssl: "party_member_count(DONT_LIST_HIDDEN_MEMBERS) < 2"
15.2.2025 20.40.04: Check field = ssl: "party_member_count(DONT_LIST_HIDDEN_MEMBERS) < 2"
15.2.2025 20.40.04: Check field = ssl: "party_member_count(DONT_LIST_HIDDEN_MEMBERS) < 2"
15.2.2025 20.40.04: Check field = ssl: "( (global_var(GVAR_SULIK_FREE) == 0) and (global_var(GVAR_ARDIN_FREEDOM) == 0) )"
15.2.2025 20.40.04: Check field = ssl: "( (global_var(GVAR_RUSTLE_REFUSE) == 1) or (global_var(GVAR_RUSTLE_ACCEPT)) )"
15.2.2025 20.40.04: Check field = ssl: "( (global_var(GVAR_RUSTLE_REFUSE) == 1) or (global_var(GVAR_RUSTLE_ACCEPT)) )"
15.2.2025 20.40.04: Check field = ssl: "(local_var(LVAR_quest_torr) == 1)"
15.2.2025 20.40.04: Check field = ssl: "local_var(LVAR_quest_torr) == 1"
15.2.2025 20.40.04: Check field = ssl: "local_var(LVAR_quest_torr) == 1"
15.2.2025 20.40.04: Check field = ssl: "local_var(LVAR_quest_torr) == 1"
15.2.2025 20.40.04: Check field = ssl: "global_var(GVAR_TORR_DEAD) == 1"
15.2.2025 20.40.04: Check field = ssl: "global_var(GVAR_SMILEY_STATUS) == SMILEY_DEAD"
15.2.2025 20.40.04: Check field = ssl: "(global_var(GVAR_TORR_DEAD) == 1) and (global_var(GVAR_SMILEY_STATUS) == SMILEY_DEAD)"
15.2.2025 20.40.04: Check field = ssl: "(global_var(GVAR_TORR_DEAD) == 1) and (global_var(GVAR_SMILEY_STATUS) == SMILEY_DEAD)"
15.2.2025 20.50.45: Check field = ssl: "( (global_var(GVAR_ARDIN_FREEDOM) == 0) and (local_var(LVAR_Sulik_Freed) == 0) )"
15.2.2025 20.50.45: Check field = ssl: "(local_var(LVAR_quest_smiley) == 0) and (global_var(GVAR_CAN_ASK_ARDIN_ABOUT_SMILEY) == 1)"
15.2.2025 20.50.45: Check field = ssl: "(local_var(LVAR_quest_smiley) == 0) and (global_var(GVAR_CAN_ASK_ARDIN_ABOUT_SMILEY) == 1)"
15.2.2025 20.50.45: Check field = ssl: "party_member_count(DONT_LIST_HIDDEN_MEMBERS) < 2"
15.2.2025 20.50.45: Check field = ssl: "party_member_count(DONT_LIST_HIDDEN_MEMBERS) < 2"
15.2.2025 20.50.45: Check field = ssl: "party_member_count(DONT_LIST_HIDDEN_MEMBERS) < 2"
15.2.2025 20.50.45: Check field = ssl: "party_member_count(DONT_LIST_HIDDEN_MEMBERS) < 2"
15.2.2025 20.50.45: Check field = ssl: "( (global_var(GVAR_SULIK_FREE) == 0) and (global_var(GVAR_ARDIN_FREEDOM) == 0) )"
15.2.2025 20.50.45: Check field = ssl: "( (global_var(GVAR_RUSTLE_REFUSE) == 1) or (global_var(GVAR_RUSTLE_ACCEPT)) )"
15.2.2025 20.50.45: Check field = ssl: "( (global_var(GVAR_RUSTLE_REFUSE) == 1) or (global_var(GVAR_RUSTLE_ACCEPT)) )"
15.2.2025 20.50.45: Check field = ssl: "(local_var(LVAR_quest_torr) == 1)"
15.2.2025 20.50.45: Check field = ssl: "local_var(LVAR_quest_torr) == 1"
15.2.2025 20.50.45: Check field = ssl: "local_var(LVAR_quest_torr) == 1"
15.2.2025 20.50.45: Check field = ssl: "local_var(LVAR_quest_torr) == 1"
15.2.2025 20.50.45: Check field = ssl: "global_var(GVAR_TORR_DEAD) == 1"
15.2.2025 20.50.45: Check field = ssl: "global_var(GVAR_SMILEY_STATUS) == SMILEY_DEAD"
15.2.2025 20.50.45: Check field = ssl: "(global_var(GVAR_TORR_DEAD) == 1) and (global_var(GVAR_SMILEY_STATUS) == SMILEY_DEAD)"
15.2.2025 20.50.45: Check field = ssl: "(global_var(GVAR_TORR_DEAD) == 1) and (global_var(GVAR_SMILEY_STATUS) == SMILEY_DEAD)"
15.2.2025 20.53.12: Check field = ssl: "( (global_var(GVAR_ARDIN_FREEDOM) == 0) and (local_var(LVAR_Sulik_Freed) == 0) )"
15.2.2025 20.53.12: Check field = ssl: "(local_var(LVAR_quest_smiley) == 0) and (global_var(GVAR_CAN_ASK_ARDIN_ABOUT_SMILEY) == 1)"
15.2.2025 20.53.12: Check field = ssl: "(local_var(LVAR_quest_smiley) == 0) and (global_var(GVAR_CAN_ASK_ARDIN_ABOUT_SMILEY) == 1)"
15.2.2025 20.53.12: Check field = ssl: "party_member_count(DONT_LIST_HIDDEN_MEMBERS) < 2"
15.2.2025 20.53.12: Check field = ssl: "party_member_count(DONT_LIST_HIDDEN_MEMBERS) < 2"
15.2.2025 20.53.12: Check field = ssl: "party_member_count(DONT_LIST_HIDDEN_MEMBERS) < 2"
15.2.2025 20.53.12: Check field = ssl: "party_member_count(DONT_LIST_HIDDEN_MEMBERS) < 2"
15.2.2025 20.53.12: Check field = ssl: "( (global_var(GVAR_SULIK_FREE) == 0) and (global_var(GVAR_ARDIN_FREEDOM) == 0) )"
15.2.2025 20.53.12: Check field = ssl: "( (global_var(GVAR_RUSTLE_REFUSE) == 1) or (global_var(GVAR_RUSTLE_ACCEPT)) )"
15.2.2025 20.53.12: Check field = ssl: "( (global_var(GVAR_RUSTLE_REFUSE) == 1) or (global_var(GVAR_RUSTLE_ACCEPT)) )"
15.2.2025 20.53.12: Check field = ssl: "(local_var(LVAR_quest_torr) == 1)"
15.2.2025 20.53.12: Check field = ssl: "local_var(LVAR_quest_torr) == 1"
15.2.2025 20.53.12: Check field = ssl: "local_var(LVAR_quest_torr) == 1"
15.2.2025 20.53.12: Check field = ssl: "local_var(LVAR_quest_torr) == 1"
15.2.2025 20.53.12: Check field = ssl: "global_var(GVAR_TORR_DEAD) == 1"
15.2.2025 20.53.12: Check field = ssl: "global_var(GVAR_SMILEY_STATUS) == SMILEY_DEAD"
15.2.2025 20.53.12: Check field = ssl: "(global_var(GVAR_TORR_DEAD) == 1) and (global_var(GVAR_SMILEY_STATUS) == SMILEY_DEAD)"
15.2.2025 20.53.12: Check field = ssl: "(global_var(GVAR_TORR_DEAD) == 1) and (global_var(GVAR_SMILEY_STATUS) == SMILEY_DEAD)"
15.2.2025 20.54.06: Check field = ssl: "( (global_var(GVAR_ARDIN_FREEDOM) == 0) and (local_var(LVAR_Sulik_Freed) == 0) )"
15.2.2025 20.54.06: Check field = ssl: "(local_var(LVAR_quest_smiley) == 0) and (global_var(GVAR_CAN_ASK_ARDIN_ABOUT_SMILEY) == 1)"
15.2.2025 20.54.06: Check field = ssl: "(local_var(LVAR_quest_smiley) == 0) and (global_var(GVAR_CAN_ASK_ARDIN_ABOUT_SMILEY) == 1)"
15.2.2025 20.54.06: Check field = ssl: "party_member_count(DONT_LIST_HIDDEN_MEMBERS) < 2"
15.2.2025 20.54.06: Check field = ssl: "party_member_count(DONT_LIST_HIDDEN_MEMBERS) < 2"
15.2.2025 20.54.06: Check field = ssl: "party_member_count(DONT_LIST_HIDDEN_MEMBERS) < 2"
15.2.2025 20.54.06: Check field = ssl: "party_member_count(DONT_LIST_HIDDEN_MEMBERS) < 2"
15.2.2025 20.54.06: Check field = ssl: "( (global_var(GVAR_SULIK_FREE) == 0) and (global_var(GVAR_ARDIN_FREEDOM) == 0) )"
15.2.2025 20.54.06: Check field = ssl: "( (global_var(GVAR_RUSTLE_REFUSE) == 1) or (global_var(GVAR_RUSTLE_ACCEPT)) )"
15.2.2025 20.54.06: Check field = ssl: "( (global_var(GVAR_RUSTLE_REFUSE) == 1) or (global_var(GVAR_RUSTLE_ACCEPT)) )"
15.2.2025 20.54.06: Check field = ssl: "(local_var(LVAR_quest_torr) == 1)"
15.2.2025 20.54.06: Check field = ssl: "local_var(LVAR_quest_torr) == 1"
15.2.2025 20.54.06: Check field = ssl: "local_var(LVAR_quest_torr) == 1"
15.2.2025 20.54.06: Check field = ssl: "local_var(LVAR_quest_torr) == 1"
15.2.2025 20.54.06: Check field = ssl: "global_var(GVAR_TORR_DEAD) == 1"
15.2.2025 20.54.06: Check field = ssl: "global_var(GVAR_SMILEY_STATUS) == SMILEY_DEAD"
15.2.2025 20.54.06: Check field = ssl: "(global_var(GVAR_TORR_DEAD) == 1) and (global_var(GVAR_SMILEY_STATUS) == SMILEY_DEAD)"
15.2.2025 20.54.06: Check field = ssl: "(global_var(GVAR_TORR_DEAD) == 1) and (global_var(GVAR_SMILEY_STATUS) == SMILEY_DEAD)"
15.2.2025 21.00.02: Check field: endurance
